<?xml version="1.0" encoding="UTF-8"?>
<!-- Generated by org.testng.reporters.JUnitReportReporter -->
<testsuite skipped="0" hostname="LAPTOP-4P252GTC" name="tests.AuthenticateNewUserTest" tests="2" failures="0" timestamp="2021-01-02T08:57:21 EET" time="12.943" errors="0">
  <testcase name="authenticateNewUser" time="9.866" classname="tests.AuthenticateNewUserTest"/>
  <system-out/>
  <testcase name="createNewUserSuccessfully" time="3.077" classname="tests.AuthenticateNewUserTest"/>
  <system-out/>
</testsuite> <!-- tests.AuthenticateNewUserTest -->
