<?xml version="1.0" encoding="UTF-8"?>
<!-- Generated by org.testng.reporters.JUnitReportReporter -->
<testsuite skipped="0" hostname="LAPTOP-4P252GTC" name="tests.ConfrimOrderTest" tests="6" failures="0" timestamp="2021-01-02T20:02:32 EET" time="45.633" errors="0">
  <testcase name="selectItemFromMenuWithHover" time="6.769" classname="tests.ConfrimOrderTest"/>
  <system-out/>
  <testcase name="authenticateNewUser" time="12.896" classname="tests.ConfrimOrderTest"/>
  <system-out/>
  <testcase name="createNewUserSuccessfully" time="4.362" classname="tests.ConfrimOrderTest"/>
  <system-out/>
  <testcase name="selectResultedProduct" time="1.631" classname="tests.ConfrimOrderTest"/>
  <system-out/>
  <testcase name="proceedProductOrder" time="11.741" classname="tests.ConfrimOrderTest"/>
  <system-out/>
  <testcase name="confirmOrder" time="8.234" classname="tests.ConfrimOrderTest"/>
  <system-out/>
</testsuite> <!-- tests.ConfrimOrderTest -->
