<?xml version="1.0" encoding="UTF-8"?>
<!-- Generated by org.testng.reporters.JUnitReportReporter -->
<testsuite skipped="0" hostname="LAPTOP-4P252GTC" name="tests.OrderHistoryTest" tests="7" failures="0" timestamp="2021-01-01T17:05:56 EET" time="44.667" errors="0">
  <testcase name="authenticateNewUser" time="10.570" classname="tests.OrderHistoryTest"/>
  <system-out/>
  <testcase name="selectItemFromMenuWithHover" time="3.838" classname="tests.OrderHistoryTest"/>
  <system-out/>
  <testcase name="createNewUserSuccessfully" time="2.557" classname="tests.OrderHistoryTest"/>
  <system-out/>
  <testcase name="selectResultedProduct" time="1.614" classname="tests.OrderHistoryTest"/>
  <system-out/>
  <testcase name="proceedProductOrder" time="10.431" classname="tests.OrderHistoryTest"/>
  <system-out/>
  <testcase name="confirmOrder" time="10.074" classname="tests.OrderHistoryTest"/>
  <system-out/>
  <testcase name="orderHistory" time="5.583" classname="tests.OrderHistoryTest"/>
  <system-out/>
</testsuite> <!-- tests.OrderHistoryTest -->
