<?xml version="1.0" encoding="UTF-8"?>
<!-- Generated by org.testng.reporters.JUnitReportReporter -->
<testsuite skipped="0" hostname="LAPTOP-4P252GTC" name="tests.CreateAccountTest" tests="1" failures="0" timestamp="2021-01-01T06:01:23 EET" time="3.422" errors="0">
  <testcase name="createNewUserSuccessfully" time="3.422" classname="tests.CreateAccountTest"/>
  <system-out/>
</testsuite> <!-- tests.CreateAccountTest -->
