<?xml version="1.0" encoding="UTF-8"?>
<!-- Generated by org.testng.reporters.JUnitReportReporter -->
<testsuite skipped="0" hostname="LAPTOP-4P252GTC" name="tests.LoginTest" tests="3" failures="0" timestamp="2021-01-02T20:03:23 EET" time="21.614" errors="0">
  <testcase name="authenticateNewUser" time="9.238" classname="tests.LoginTest"/>
  <system-out/>
  <testcase name="login" time="5.025" classname="tests.LoginTest"/>
  <system-out/>
  <testcase name="createNewUserSuccessfully" time="7.351" classname="tests.LoginTest"/>
  <system-out/>
</testsuite> <!-- tests.LoginTest -->
